<?xml version="1.0" encoding="UTF-8"?>
<testsuite xmlns:xsi="http://www.w3.org/2001/XMLSchema-instance" xsi:noNamespaceSchemaLocation="https://maven.apache.org/surefire/maven-surefire-plugin/xsd/surefire-test-report.xsd" version="3.0.2" name="com.example.ToDoList.commands.ListTasksCommandTest" time="0.49" tests="6" errors="0" skipped="0" failures="0">
  <properties>
    <property name="java.specification.version" value="21"/>
    <property name="sun.jnu.encoding" value="UTF-8"/>
    <property name="java.class.path" value="/Users/pablo/Documents/Entrevistas/DEHN/DEHN_ToDoList/target/test-classes:/Users/pablo/Documents/Entrevistas/DEHN/DEHN_ToDoList/target/classes:/Users/pablo/.m2/repository/org/springframework/shell/spring-shell-starter/3.4.1/spring-shell-starter-3.4.1.jar:/Users/pablo/.m2/repository/org/springframework/shell/spring-shell-autoconfigure/3.4.1/spring-shell-autoconfigure-3.4.1.jar:/Users/pablo/.m2/repository/org/springframework/boot/spring-boot-autoconfigure/3.5.4/spring-boot-autoconfigure-3.5.4.jar:/Users/pablo/.m2/repository/org/springframework/shell/spring-shell-core/3.4.1/spring-shell-core-3.4.1.jar:/Users/pablo/.m2/repository/org/springframework/boot/spring-boot-starter-validation/3.5.4/spring-boot-starter-validation-3.5.4.jar:/Users/pablo/.m2/repository/org/apache/tomcat/embed/tomcat-embed-el/10.1.43/tomcat-embed-el-10.1.43.jar:/Users/pablo/.m2/repository/org/hibernate/validator/hibernate-validator/8.0.2.Final/hibernate-validator-8.0.2.Final.jar:/Users/pablo/.m2/repository/jakarta/validation/jakarta.validation-api/3.0.2/jakarta.validation-api-3.0.2.jar:/Users/pablo/.m2/repository/org/jboss/logging/jboss-logging/3.6.1.Final/jboss-logging-3.6.1.Final.jar:/Users/pablo/.m2/repository/com/fasterxml/classmate/1.7.0/classmate-1.7.0.jar:/Users/pablo/.m2/repository/org/springframework/spring-messaging/6.2.9/spring-messaging-6.2.9.jar:/Users/pablo/.m2/repository/org/springframework/spring-beans/6.2.9/spring-beans-6.2.9.jar:/Users/pablo/.m2/repository/io/projectreactor/reactor-core/3.7.8/reactor-core-3.7.8.jar:/Users/pablo/.m2/repository/org/reactivestreams/reactive-streams/1.0.4/reactive-streams-1.0.4.jar:/Users/pablo/.m2/repository/org/jline/jline-console/3.30.4/jline-console-3.30.4.jar:/Users/pablo/.m2/repository/org/jline/jline-builtins/3.30.4/jline-builtins-3.30.4.jar:/Users/pablo/.m2/repository/org/jline/jline-reader/3.30.4/jline-reader-3.30.4.jar:/Users/pablo/.m2/repository/org/jline/jline-style/3.30.4/jline-style-3.30.4.jar:/Users/pablo/.m2/repository/org/jline/jline-terminal/3.30.4/jline-terminal-3.30.4.jar:/Users/pablo/.m2/repository/org/jline/jline-native/3.30.4/jline-native-3.30.4.jar:/Users/pablo/.m2/repository/org/antlr/ST4/4.3.4/ST4-4.3.4.jar:/Users/pablo/.m2/repository/org/antlr/antlr-runtime/3.5.3/antlr-runtime-3.5.3.jar:/Users/pablo/.m2/repository/commons-io/commons-io/2.20.0/commons-io-2.20.0.jar:/Users/pablo/.m2/repository/org/springframework/shell/spring-shell-standard/3.4.1/spring-shell-standard-3.4.1.jar:/Users/pablo/.m2/repository/org/springframework/shell/spring-shell-standard-commands/3.4.1/spring-shell-standard-commands-3.4.1.jar:/Users/pablo/.m2/repository/org/springframework/shell/spring-shell-table/3.4.1/spring-shell-table-3.4.1.jar:/Users/pablo/.m2/repository/org/springframework/spring-context/6.2.9/spring-context-6.2.9.jar:/Users/pablo/.m2/repository/org/springframework/spring-aop/6.2.9/spring-aop-6.2.9.jar:/Users/pablo/.m2/repository/org/springframework/spring-expression/6.2.9/spring-expression-6.2.9.jar:/Users/pablo/.m2/repository/io/micrometer/micrometer-observation/1.15.2/micrometer-observation-1.15.2.jar:/Users/pablo/.m2/repository/io/micrometer/micrometer-commons/1.15.2/micrometer-commons-1.15.2.jar:/Users/pablo/.m2/repository/org/springframework/boot/spring-boot-starter/3.5.4/spring-boot-starter-3.5.4.jar:/Users/pablo/.m2/repository/org/springframework/boot/spring-boot/3.5.4/spring-boot-3.5.4.jar:/Users/pablo/.m2/repository/org/springframework/boot/spring-boot-starter-logging/3.5.4/spring-boot-starter-logging-3.5.4.jar:/Users/pablo/.m2/repository/ch/qos/logback/logback-classic/1.5.18/logback-classic-1.5.18.jar:/Users/pablo/.m2/repository/ch/qos/logback/logback-core/1.5.18/logback-core-1.5.18.jar:/Users/pablo/.m2/repository/org/apache/logging/log4j/log4j-to-slf4j/2.24.3/log4j-to-slf4j-2.24.3.jar:/Users/pablo/.m2/repository/org/apache/logging/log4j/log4j-api/2.24.3/log4j-api-2.24.3.jar:/Users/pablo/.m2/repository/org/slf4j/jul-to-slf4j/2.0.17/jul-to-slf4j-2.0.17.jar:/Users/pablo/.m2/repository/jakarta/annotation/jakarta.annotation-api/2.1.1/jakarta.annotation-api-2.1.1.jar:/Users/pablo/.m2/repository/org/yaml/snakeyaml/2.4/snakeyaml-2.4.jar:/Users/pablo/.m2/repository/com/fasterxml/jackson/core/jackson-databind/2.19.2/jackson-databind-2.19.2.jar:/Users/pablo/.m2/repository/com/fasterxml/jackson/core/jackson-annotations/2.19.2/jackson-annotations-2.19.2.jar:/Users/pablo/.m2/repository/com/fasterxml/jackson/core/jackson-core/2.19.2/jackson-core-2.19.2.jar:/Users/pablo/.m2/repository/com/fasterxml/jackson/datatype/jackson-datatype-jsr310/2.19.2/jackson-datatype-jsr310-2.19.2.jar:/Users/pablo/.m2/repository/org/projectlombok/lombok/1.18.38/lombok-1.18.38.jar:/Users/pablo/.m2/repository/org/springframework/boot/spring-boot-starter-test/3.5.4/spring-boot-starter-test-3.5.4.jar:/Users/pablo/.m2/repository/org/springframework/boot/spring-boot-test/3.5.4/spring-boot-test-3.5.4.jar:/Users/pablo/.m2/repository/org/springframework/boot/spring-boot-test-autoconfigure/3.5.4/spring-boot-test-autoconfigure-3.5.4.jar:/Users/pablo/.m2/repository/com/jayway/jsonpath/json-path/2.9.0/json-path-2.9.0.jar:/Users/pablo/.m2/repository/org/slf4j/slf4j-api/2.0.17/slf4j-api-2.0.17.jar:/Users/pablo/.m2/repository/jakarta/xml/bind/jakarta.xml.bind-api/4.0.2/jakarta.xml.bind-api-4.0.2.jar:/Users/pablo/.m2/repository/jakarta/activation/jakarta.activation-api/2.1.3/jakarta.activation-api-2.1.3.jar:/Users/pablo/.m2/repository/net/minidev/json-smart/2.5.2/json-smart-2.5.2.jar:/Users/pablo/.m2/repository/net/minidev/accessors-smart/2.5.2/accessors-smart-2.5.2.jar:/Users/pablo/.m2/repository/org/ow2/asm/asm/9.7.1/asm-9.7.1.jar:/Users/pablo/.m2/repository/org/assertj/assertj-core/3.27.3/assertj-core-3.27.3.jar:/Users/pablo/.m2/repository/net/bytebuddy/byte-buddy/1.17.6/byte-buddy-1.17.6.jar:/Users/pablo/.m2/repository/org/awaitility/awaitility/4.2.2/awaitility-4.2.2.jar:/Users/pablo/.m2/repository/org/hamcrest/hamcrest/3.0/hamcrest-3.0.jar:/Users/pablo/.m2/repository/org/junit/jupiter/junit-jupiter/5.12.2/junit-jupiter-5.12.2.jar:/Users/pablo/.m2/repository/org/junit/jupiter/junit-jupiter-api/5.12.2/junit-jupiter-api-5.12.2.jar:/Users/pablo/.m2/repository/org/opentest4j/opentest4j/1.3.0/opentest4j-1.3.0.jar:/Users/pablo/.m2/repository/org/junit/platform/junit-platform-commons/1.12.2/junit-platform-commons-1.12.2.jar:/Users/pablo/.m2/repository/org/apiguardian/apiguardian-api/1.1.2/apiguardian-api-1.1.2.jar:/Users/pablo/.m2/repository/org/junit/jupiter/junit-jupiter-params/5.12.2/junit-jupiter-params-5.12.2.jar:/Users/pablo/.m2/repository/org/junit/jupiter/junit-jupiter-engine/5.12.2/junit-jupiter-engine-5.12.2.jar:/Users/pablo/.m2/repository/org/junit/platform/junit-platform-engine/1.12.2/junit-platform-engine-1.12.2.jar:/Users/pablo/.m2/repository/org/mockito/mockito-core/5.17.0/mockito-core-5.17.0.jar:/Users/pablo/.m2/repository/net/bytebuddy/byte-buddy-agent/1.17.6/byte-buddy-agent-1.17.6.jar:/Users/pablo/.m2/repository/org/objenesis/objenesis/3.3/objenesis-3.3.jar:/Users/pablo/.m2/repository/org/mockito/mockito-junit-jupiter/5.17.0/mockito-junit-jupiter-5.17.0.jar:/Users/pablo/.m2/repository/org/skyscreamer/jsonassert/1.5.3/jsonassert-1.5.3.jar:/Users/pablo/.m2/repository/com/vaadin/external/google/android-json/0.0.20131108.vaadin1/android-json-0.0.20131108.vaadin1.jar:/Users/pablo/.m2/repository/org/springframework/spring-core/6.2.9/spring-core-6.2.9.jar:/Users/pablo/.m2/repository/org/springframework/spring-jcl/6.2.9/spring-jcl-6.2.9.jar:/Users/pablo/.m2/repository/org/springframework/spring-test/6.2.9/spring-test-6.2.9.jar:/Users/pablo/.m2/repository/org/xmlunit/xmlunit-core/2.10.3/xmlunit-core-2.10.3.jar:/Users/pablo/.m2/repository/org/springframework/shell/spring-shell-starter-test/3.4.1/spring-shell-starter-test-3.4.1.jar:/Users/pablo/.m2/repository/org/springframework/shell/spring-shell-test/3.4.1/spring-shell-test-3.4.1.jar:/Users/pablo/.m2/repository/org/springframework/shell/spring-shell-test-autoconfigure/3.4.1/spring-shell-test-autoconfigure-3.4.1.jar:/Users/pablo/.m2/repository/org/junit/platform/junit-platform-launcher/1.12.2/junit-platform-launcher-1.12.2.jar:"/>
    <property name="java.vm.vendor" value="GraalVM Community"/>
    <property name="sun.arch.data.model" value="64"/>
    <property name="java.vendor.url" value="https://www.graalvm.org/"/>
    <property name="user.timezone" value="Europe/Madrid"/>
    <property name="os.name" value="Mac OS X"/>
    <property name="java.vm.specification.version" value="21"/>
    <property name="sun.java.launcher" value="SUN_STANDARD"/>
    <property name="user.country" value="ES"/>
    <property name="sun.boot.library.path" value="/Users/pablo/.sdkman/candidates/java/21.0.2-graalce/lib"/>
    <property name="sun.java.command" value="/Users/pablo/Documents/Entrevistas/DEHN/DEHN_ToDoList/target/surefire/surefirebooter-20250811120220556_3.jar /Users/pablo/Documents/Entrevistas/DEHN/DEHN_ToDoList/target/surefire 2025-08-11T12-02-20_522-jvmRun1 surefire-20250811120220556_1tmp surefire_0-20250811120220556_2tmp"/>
    <property name="http.nonProxyHosts" value="local|*.local|169.254/16|*.169.254/16"/>
    <property name="jdk.debug" value="release"/>
    <property name="surefire.test.class.path" value="/Users/pablo/Documents/Entrevistas/DEHN/DEHN_ToDoList/target/test-classes:/Users/pablo/Documents/Entrevistas/DEHN/DEHN_ToDoList/target/classes:/Users/pablo/.m2/repository/org/springframework/shell/spring-shell-starter/3.4.1/spring-shell-starter-3.4.1.jar:/Users/pablo/.m2/repository/org/springframework/shell/spring-shell-autoconfigure/3.4.1/spring-shell-autoconfigure-3.4.1.jar:/Users/pablo/.m2/repository/org/springframework/boot/spring-boot-autoconfigure/3.5.4/spring-boot-autoconfigure-3.5.4.jar:/Users/pablo/.m2/repository/org/springframework/shell/spring-shell-core/3.4.1/spring-shell-core-3.4.1.jar:/Users/pablo/.m2/repository/org/springframework/boot/spring-boot-starter-validation/3.5.4/spring-boot-starter-validation-3.5.4.jar:/Users/pablo/.m2/repository/org/apache/tomcat/embed/tomcat-embed-el/10.1.43/tomcat-embed-el-10.1.43.jar:/Users/pablo/.m2/repository/org/hibernate/validator/hibernate-validator/8.0.2.Final/hibernate-validator-8.0.2.Final.jar:/Users/pablo/.m2/repository/jakarta/validation/jakarta.validation-api/3.0.2/jakarta.validation-api-3.0.2.jar:/Users/pablo/.m2/repository/org/jboss/logging/jboss-logging/3.6.1.Final/jboss-logging-3.6.1.Final.jar:/Users/pablo/.m2/repository/com/fasterxml/classmate/1.7.0/classmate-1.7.0.jar:/Users/pablo/.m2/repository/org/springframework/spring-messaging/6.2.9/spring-messaging-6.2.9.jar:/Users/pablo/.m2/repository/org/springframework/spring-beans/6.2.9/spring-beans-6.2.9.jar:/Users/pablo/.m2/repository/io/projectreactor/reactor-core/3.7.8/reactor-core-3.7.8.jar:/Users/pablo/.m2/repository/org/reactivestreams/reactive-streams/1.0.4/reactive-streams-1.0.4.jar:/Users/pablo/.m2/repository/org/jline/jline-console/3.30.4/jline-console-3.30.4.jar:/Users/pablo/.m2/repository/org/jline/jline-builtins/3.30.4/jline-builtins-3.30.4.jar:/Users/pablo/.m2/repository/org/jline/jline-reader/3.30.4/jline-reader-3.30.4.jar:/Users/pablo/.m2/repository/org/jline/jline-style/3.30.4/jline-style-3.30.4.jar:/Users/pablo/.m2/repository/org/jline/jline-terminal/3.30.4/jline-terminal-3.30.4.jar:/Users/pablo/.m2/repository/org/jline/jline-native/3.30.4/jline-native-3.30.4.jar:/Users/pablo/.m2/repository/org/antlr/ST4/4.3.4/ST4-4.3.4.jar:/Users/pablo/.m2/repository/org/antlr/antlr-runtime/3.5.3/antlr-runtime-3.5.3.jar:/Users/pablo/.m2/repository/commons-io/commons-io/2.20.0/commons-io-2.20.0.jar:/Users/pablo/.m2/repository/org/springframework/shell/spring-shell-standard/3.4.1/spring-shell-standard-3.4.1.jar:/Users/pablo/.m2/repository/org/springframework/shell/spring-shell-standard-commands/3.4.1/spring-shell-standard-commands-3.4.1.jar:/Users/pablo/.m2/repository/org/springframework/shell/spring-shell-table/3.4.1/spring-shell-table-3.4.1.jar:/Users/pablo/.m2/repository/org/springframework/spring-context/6.2.9/spring-context-6.2.9.jar:/Users/pablo/.m2/repository/org/springframework/spring-aop/6.2.9/spring-aop-6.2.9.jar:/Users/pablo/.m2/repository/org/springframework/spring-expression/6.2.9/spring-expression-6.2.9.jar:/Users/pablo/.m2/repository/io/micrometer/micrometer-observation/1.15.2/micrometer-observation-1.15.2.jar:/Users/pablo/.m2/repository/io/micrometer/micrometer-commons/1.15.2/micrometer-commons-1.15.2.jar:/Users/pablo/.m2/repository/org/springframework/boot/spring-boot-starter/3.5.4/spring-boot-starter-3.5.4.jar:/Users/pablo/.m2/repository/org/springframework/boot/spring-boot/3.5.4/spring-boot-3.5.4.jar:/Users/pablo/.m2/repository/org/springframework/boot/spring-boot-starter-logging/3.5.4/spring-boot-starter-logging-3.5.4.jar:/Users/pablo/.m2/repository/ch/qos/logback/logback-classic/1.5.18/logback-classic-1.5.18.jar:/Users/pablo/.m2/repository/ch/qos/logback/logback-core/1.5.18/logback-core-1.5.18.jar:/Users/pablo/.m2/repository/org/apache/logging/log4j/log4j-to-slf4j/2.24.3/log4j-to-slf4j-2.24.3.jar:/Users/pablo/.m2/repository/org/apache/logging/log4j/log4j-api/2.24.3/log4j-api-2.24.3.jar:/Users/pablo/.m2/repository/org/slf4j/jul-to-slf4j/2.0.17/jul-to-slf4j-2.0.17.jar:/Users/pablo/.m2/repository/jakarta/annotation/jakarta.annotation-api/2.1.1/jakarta.annotation-api-2.1.1.jar:/Users/pablo/.m2/repository/org/yaml/snakeyaml/2.4/snakeyaml-2.4.jar:/Users/pablo/.m2/repository/com/fasterxml/jackson/core/jackson-databind/2.19.2/jackson-databind-2.19.2.jar:/Users/pablo/.m2/repository/com/fasterxml/jackson/core/jackson-annotations/2.19.2/jackson-annotations-2.19.2.jar:/Users/pablo/.m2/repository/com/fasterxml/jackson/core/jackson-core/2.19.2/jackson-core-2.19.2.jar:/Users/pablo/.m2/repository/com/fasterxml/jackson/datatype/jackson-datatype-jsr310/2.19.2/jackson-datatype-jsr310-2.19.2.jar:/Users/pablo/.m2/repository/org/projectlombok/lombok/1.18.38/lombok-1.18.38.jar:/Users/pablo/.m2/repository/org/springframework/boot/spring-boot-starter-test/3.5.4/spring-boot-starter-test-3.5.4.jar:/Users/pablo/.m2/repository/org/springframework/boot/spring-boot-test/3.5.4/spring-boot-test-3.5.4.jar:/Users/pablo/.m2/repository/org/springframework/boot/spring-boot-test-autoconfigure/3.5.4/spring-boot-test-autoconfigure-3.5.4.jar:/Users/pablo/.m2/repository/com/jayway/jsonpath/json-path/2.9.0/json-path-2.9.0.jar:/Users/pablo/.m2/repository/org/slf4j/slf4j-api/2.0.17/slf4j-api-2.0.17.jar:/Users/pablo/.m2/repository/jakarta/xml/bind/jakarta.xml.bind-api/4.0.2/jakarta.xml.bind-api-4.0.2.jar:/Users/pablo/.m2/repository/jakarta/activation/jakarta.activation-api/2.1.3/jakarta.activation-api-2.1.3.jar:/Users/pablo/.m2/repository/net/minidev/json-smart/2.5.2/json-smart-2.5.2.jar:/Users/pablo/.m2/repository/net/minidev/accessors-smart/2.5.2/accessors-smart-2.5.2.jar:/Users/pablo/.m2/repository/org/ow2/asm/asm/9.7.1/asm-9.7.1.jar:/Users/pablo/.m2/repository/org/assertj/assertj-core/3.27.3/assertj-core-3.27.3.jar:/Users/pablo/.m2/repository/net/bytebuddy/byte-buddy/1.17.6/byte-buddy-1.17.6.jar:/Users/pablo/.m2/repository/org/awaitility/awaitility/4.2.2/awaitility-4.2.2.jar:/Users/pablo/.m2/repository/org/hamcrest/hamcrest/3.0/hamcrest-3.0.jar:/Users/pablo/.m2/repository/org/junit/jupiter/junit-jupiter/5.12.2/junit-jupiter-5.12.2.jar:/Users/pablo/.m2/repository/org/junit/jupiter/junit-jupiter-api/5.12.2/junit-jupiter-api-5.12.2.jar:/Users/pablo/.m2/repository/org/opentest4j/opentest4j/1.3.0/opentest4j-1.3.0.jar:/Users/pablo/.m2/repository/org/junit/platform/junit-platform-commons/1.12.2/junit-platform-commons-1.12.2.jar:/Users/pablo/.m2/repository/org/apiguardian/apiguardian-api/1.1.2/apiguardian-api-1.1.2.jar:/Users/pablo/.m2/repository/org/junit/jupiter/junit-jupiter-params/5.12.2/junit-jupiter-params-5.12.2.jar:/Users/pablo/.m2/repository/org/junit/jupiter/junit-jupiter-engine/5.12.2/junit-jupiter-engine-5.12.2.jar:/Users/pablo/.m2/repository/org/junit/platform/junit-platform-engine/1.12.2/junit-platform-engine-1.12.2.jar:/Users/pablo/.m2/repository/org/mockito/mockito-core/5.17.0/mockito-core-5.17.0.jar:/Users/pablo/.m2/repository/net/bytebuddy/byte-buddy-agent/1.17.6/byte-buddy-agent-1.17.6.jar:/Users/pablo/.m2/repository/org/objenesis/objenesis/3.3/objenesis-3.3.jar:/Users/pablo/.m2/repository/org/mockito/mockito-junit-jupiter/5.17.0/mockito-junit-jupiter-5.17.0.jar:/Users/pablo/.m2/repository/org/skyscreamer/jsonassert/1.5.3/jsonassert-1.5.3.jar:/Users/pablo/.m2/repository/com/vaadin/external/google/android-json/0.0.20131108.vaadin1/android-json-0.0.20131108.vaadin1.jar:/Users/pablo/.m2/repository/org/springframework/spring-core/6.2.9/spring-core-6.2.9.jar:/Users/pablo/.m2/repository/org/springframework/spring-jcl/6.2.9/spring-jcl-6.2.9.jar:/Users/pablo/.m2/repository/org/springframework/spring-test/6.2.9/spring-test-6.2.9.jar:/Users/pablo/.m2/repository/org/xmlunit/xmlunit-core/2.10.3/xmlunit-core-2.10.3.jar:/Users/pablo/.m2/repository/org/springframework/shell/spring-shell-starter-test/3.4.1/spring-shell-starter-test-3.4.1.jar:/Users/pablo/.m2/repository/org/springframework/shell/spring-shell-test/3.4.1/spring-shell-test-3.4.1.jar:/Users/pablo/.m2/repository/org/springframework/shell/spring-shell-test-autoconfigure/3.4.1/spring-shell-test-autoconfigure-3.4.1.jar:/Users/pablo/.m2/repository/org/junit/platform/junit-platform-launcher/1.12.2/junit-platform-launcher-1.12.2.jar:"/>
    <property name="sun.cpu.endian" value="little"/>
    <property name="user.home" value="/Users/pablo"/>
    <property name="user.language" value="es"/>
    <property name="java.specification.vendor" value="Oracle Corporation"/>
    <property name="java.version.date" value="2024-01-16"/>
    <property name="java.home" value="/Users/pablo/.sdkman/candidates/java/21.0.2-graalce"/>
    <property name="file.separator" value="/"/>
    <property name="basedir" value="/Users/pablo/Documents/Entrevistas/DEHN/DEHN_ToDoList"/>
    <property name="java.vm.compressedOopsMode" value="Zero based"/>
    <property name="jdk.internal.vm.ci.enabled" value="true"/>
    <property name="line.separator" value="&#10;"/>
    <property name="java.vm.specification.vendor" value="Oracle Corporation"/>
    <property name="java.specification.name" value="Java Platform API Specification"/>
    <property name="apple.awt.application.name" value="ForkedBooter"/>
    <property name="surefire.real.class.path" value="/Users/pablo/Documents/Entrevistas/DEHN/DEHN_ToDoList/target/surefire/surefirebooter-20250811120220556_3.jar"/>
    <property name="junit.platform.listeners.uid.tracking.enabled" value="true"/>
    <property name="sun.management.compiler" value="HotSpot 64-Bit Tiered Compilers"/>
    <property name="ftp.nonProxyHosts" value="local|*.local|169.254/16|*.169.254/16"/>
    <property name="junit.platform.listeners.uid.tracking.output.dir" value="/Users/pablo/Documents/Entrevistas/DEHN/DEHN_ToDoList/target/test-ids"/>
    <property name="java.runtime.version" value="21.0.2+13-jvmci-23.1-b30"/>
    <property name="user.name" value="pablo"/>
    <property name="stdout.encoding" value="UTF-8"/>
    <property name="path.separator" value=":"/>
    <property name="os.version" value="15.6"/>
    <property name="java.runtime.name" value="OpenJDK Runtime Environment"/>
    <property name="file.encoding" value="UTF-8"/>
    <property name="java.vm.name" value="OpenJDK 64-Bit Server VM"/>
    <property name="java.vendor.version" value="GraalVM CE 21.0.2+13.1"/>
    <property name="localRepository" value="/Users/pablo/.m2/repository"/>
    <property name="java.vendor.url.bug" value="https://github.com/oracle/graal/issues"/>
    <property name="java.io.tmpdir" value="/var/folders/fn/mh3dky315qq1b9c251x61rch0000gn/T/"/>
    <property name="java.version" value="21.0.2"/>
    <property name="user.dir" value="/Users/pablo/Documents/Entrevistas/DEHN/DEHN_ToDoList"/>
    <property name="os.arch" value="aarch64"/>
    <property name="java.vm.specification.name" value="Java Virtual Machine Specification"/>
    <property name="native.encoding" value="UTF-8"/>
    <property name="java.library.path" value="/Users/pablo/Library/Java/Extensions:/Library/Java/Extensions:/Network/Library/Java/Extensions:/System/Library/Java/Extensions:/usr/lib/java:."/>
    <property name="java.vm.info" value="mixed mode, sharing"/>
    <property name="stderr.encoding" value="UTF-8"/>
    <property name="java.vendor" value="GraalVM Community"/>
    <property name="java.vm.version" value="21.0.2+13-jvmci-23.1-b30"/>
    <property name="sun.io.unicode.encoding" value="UnicodeBig"/>
    <property name="socksNonProxyHosts" value="local|*.local|169.254/16|*.169.254/16"/>
    <property name="java.class.version" value="65.0"/>
  </properties>
  <testcase name="testListTasksByStatusTodo" classname="com.example.ToDoList.commands.ListTasksCommandTest" time="0.474">
    <system-err><![CDATA[Mockito is currently self-attaching to enable the inline-mock-maker. This will no longer work in future releases of the JDK. Please add Mockito as an agent to your build as described in Mockito's documentation: https://javadoc.io/doc/org.mockito/mockito-core/latest/org.mockito/org/mockito/Mockito.html#0.3
WARNING: A Java agent has been loaded dynamically (/Users/pablo/.m2/repository/net/bytebuddy/byte-buddy-agent/1.17.6/byte-buddy-agent-1.17.6.jar)
WARNING: If a serviceability tool is in use, please run with -XX:+EnableDynamicAgentLoading to hide this warning
WARNING: If a serviceability tool is not in use, please run with -Djdk.instrument.traceUsage for more information
WARNING: Dynamic loading of agents will be disallowed by default in a future release
]]></system-err>
  </testcase>
  <testcase name="testListTasksEmptyList" classname="com.example.ToDoList.commands.ListTasksCommandTest" time="0.003"/>
  <testcase name="testListTasksByStatusInProgress" classname="com.example.ToDoList.commands.ListTasksCommandTest" time="0.002"/>
  <testcase name="testListAllTasks" classname="com.example.ToDoList.commands.ListTasksCommandTest" time="0.003"/>
  <testcase name="testListTasksByStatusCompleted" classname="com.example.ToDoList.commands.ListTasksCommandTest" time="0.002"/>
  <testcase name="testListTasksInvalidStatus" classname="com.example.ToDoList.commands.ListTasksCommandTest" time="0.001"/>
</testsuite>